<?xml version="1.0" encoding="UTF-8"?>
<!-- Generated by org.testng.reporters.JUnitReportReporter -->
<testsuite ignored="0" hostname="HQLT2003164" failures="0" tests="1" name="loginTests.TC_02_LoginError" time="0.380" errors="0" timestamp="20 Aug 2024 15:24:42 GMT" skipped="0">
  <testcase classname="loginTests.TC_02_LoginError" name="TC_02" time="0.380"/>
</testsuite> <!-- loginTests.TC_02_LoginError -->
