<?xml version="1.0" encoding="UTF-8"?>
<!-- Generated by org.testng.reporters.JUnitReportReporter -->
<testsuite ignored="0" hostname="HQLT2003164" failures="0" tests="1" name="testing.Ejemplo_HardAssert" time="3.192" errors="0" timestamp="10 Aug 2024 17:13:06 GMT" skipped="0">
  <testcase classname="testing.Ejemplo_HardAssert" name="prueba1" time="3.192"/>
</testsuite> <!-- testing.Ejemplo_HardAssert -->
