<?xml version="1.0" encoding="UTF-8"?>
<!-- Generated by org.testng.reporters.JUnitReportReporter -->
<testsuite ignored="0" hostname="HQLT2003164" failures="0" tests="1" name="testing.Test_Selenium" time="3.387" errors="0" timestamp="20 Jul 2024 17:14:29 GMT" skipped="0">
  <testcase classname="testing.Test_Selenium" name="f" time="3.387"/>
</testsuite> <!-- testing.Test_Selenium -->
