<?xml version="1.0" encoding="UTF-8"?>
<!-- Generated by org.testng.reporters.JUnitReportReporter -->
<testsuite ignored="0" hostname="HQLT2003164" failures="0" tests="1" name="loginTests.TC_05_ErrorMessageBlankPassword" time="2.162" errors="0" timestamp="03 Sep 2024 16:33:36 GMT" skipped="0">
  <testcase classname="loginTests.TC_05_ErrorMessageBlankPassword" name="TC_05" time="2.162"/>
</testsuite> <!-- loginTests.TC_05_ErrorMessageBlankPassword -->
