<?xml version="1.0" encoding="UTF-8"?>
<!-- Generated by org.testng.reporters.JUnitReportReporter -->
<testsuite ignored="0" hostname="HQLT2003164" failures="0" tests="1" name="yourCartTests.TC_05_ValidateCheckoutBtn" time="0.938" errors="0" timestamp="20 Aug 2024 15:32:10 GMT" skipped="0">
  <testcase classname="yourCartTests.TC_05_ValidateCheckoutBtn" name="TC_05" time="0.938"/>
</testsuite> <!-- yourCartTests.TC_05_ValidateCheckoutBtn -->
