<?xml version="1.0" encoding="UTF-8"?>
<!-- Generated by org.testng.reporters.JUnitReportReporter -->
<testsuite ignored="0" hostname="HQLT2003164" failures="0" tests="1" name="faxesTests.TC_09_ValidateUI" time="3.785" errors="0" timestamp="19 Sep 2024 16:25:09 GMT" skipped="0">
  <testcase classname="faxesTests.TC_09_ValidateUI" name="TC_09" time="3.785"/>
</testsuite> <!-- faxesTests.TC_09_ValidateUI -->
