<?xml version="1.0" encoding="UTF-8"?>
<!-- Generated by org.testng.reporters.JUnitReportReporter -->
<testsuite ignored="0" hostname="HQLT2003164" failures="0" tests="1" name="inventoryTests.TC_03_ValidateRemoveButton" time="0.433" errors="0" timestamp="20 Aug 2024 15:24:42 GMT" skipped="0">
  <testcase classname="inventoryTests.TC_03_ValidateRemoveButton" name="TC_03" time="0.433"/>
</testsuite> <!-- inventoryTests.TC_03_ValidateRemoveButton -->
