<?xml version="1.0" encoding="UTF-8"?>
<!-- Generated by org.testng.reporters.JUnitReportReporter -->
<testsuite ignored="0" hostname="HQLT2003164" failures="0" tests="1" name="inventoryTests.TC_04_ValidateShoppingCartBadge" time="0.464" errors="0" timestamp="20 Aug 2024 15:24:42 GMT" skipped="0">
  <testcase classname="inventoryTests.TC_04_ValidateShoppingCartBadge" name="TC_04" time="0.464"/>
</testsuite> <!-- inventoryTests.TC_04_ValidateShoppingCartBadge -->
