<?xml version="1.0" encoding="UTF-8"?>
<!-- Generated by org.testng.reporters.JUnitReportReporter -->
<testsuite ignored="0" hostname="HQLT2003164" failures="0" tests="1" name="loginTests.TC_03_ValidateForgotPassword" time="2.495" errors="0" timestamp="03 Sep 2024 16:33:36 GMT" skipped="0">
  <testcase classname="loginTests.TC_03_ValidateForgotPassword" name="TC_03" time="2.495"/>
</testsuite> <!-- loginTests.TC_03_ValidateForgotPassword -->
